[true, true, true, true, true, true, true]
1
[true, true, true, true, true, true, true]
2
[true, true, true, true, true, true, false]
2
[true, true, true, true, true, true, true]
3
[true, true, true, true, true, true, true]
4
[true, true, true, true, true, true, true]
5
[true, true, true, false, true, true, true]
5
[true, false, true, true, true, true, true]
5
[true, true, true, true, false, false, false]
5
[true, true, true, false, true, true, true]
5
[true, true, true, true, true, true, true]
6
[true, true, false, true, true, true, true]
6
[true, true, true, true, true, true, true]
7
[false, true, true, false, true, false, false]
7
[false, true, true, false, false, false, false]
7
[true, true, true, true, true, true, true]
8
[true, true, true, true, true, true, true]
9
[true, false, true, true, true, true, false]
9
[true, true, true, true, true, true, true]
10
[true, true, true, false, false, true, true]
10
[true, true, true, true, true, true, true]
11
[true, true, true, true, true, true, true]
12
[true, true, true, true, true, true, true]
13
[true, true, true, true, true, true, true]
14
[true, true, true, true, true, true, true]
15
[true, true, true, true, true, true, true]
16
[true, true, true, true, true, true, true]
17
[true, true, true, true, true, true, true]
18
[true, true, true, true, true, true, true]
19
[true, true, true, true, true, true, true]
20
[true, true, true, true, true, true, false]
20
[true, true, true, true, true, true, true]
21
[true, true, true, true, true, true, true]
22
[true, true, true, true, true, true, true]
23
[true, true, true, true, true, true, true]
24
[false, false, true, true, true, false, false]
24
[true, true, true, true, true, true, true]
25
[true, false, true, true, true, true, true]
25
[true, true, true, true, true, true, true]
26
[true, true, true, true, true, true, true]
27
[false, true, true, true, false, true, true]
27
[true, true, true, true, true, true, true]
28
[true, true, true, true, true, false, true]
28
[true, true, true, true, true, true, true]
29
[true, true, true, true, true, true, true]
30
[true, true, true, true, true, true, true]
31
[true, true, false, true, true, false, true]
31
[true, true, true, true, true, true, true]
32
[true, true, true, true, true, true, true]
33
[true, true, true, true, true, false, true]
33
[true, true, true, true, true, true, true]
34
[true, true, true, true, false, true, true]
34
[true, true, true, true, true, true, true]
35
[true, true, true, true, true, true, true]
36
[true, true, true, true, true, true, true]
37
[true, true, false, true, false, false, false]
37
[true, true, true, true, true, true, true]
38
[true, true, true, true, true, true, true]
39
[true, true, true, false, true, true, true]
39
[true, true, true, true, true, true, true]
40
[true, true, true, true, true, true, true]
41
[false, true, true, true, true, true, true]
41
[true, true, true, true, true, true, true]
42
[false, false, false, false, false, true, false]
42
[true, true, true, true, true, true, true]
43
[true, true, true, true, true, true, true]
44
[true, true, true, true, true, true, true]
45
[true, true, true, true, true, true, true]
46
[true, true, true, false, true, false, true]
46
[false, true, true, false, false, false, false]
46
[true, true, true, true, true, true, true]
47
[true, true, true, true, true, true, false]
47
[true, true, true, true, true, true, true]
48
[true, true, true, true, true, true, true]
49
[true, true, true, true, true, true, true]
50
[true, true, true, true, true, false, true]
50
[true, true, true, true, true, true, true]
51
[true, true, true, true, false, true, true]
51
[true, true, true, true, true, true, true]
52
[true, false, true, true, true, true, true]
52
[true, true, true, true, true, false, true]
52
[true, true, true, true, true, true, true]
53
[true, true, true, true, true, true, true]
54
[true, true, true, true, true, true, true]
55
[true, false, true, true, true, true, true]
55
[true, true, false, true, true, true, true]
55
[false, false, true, false, false, false, true]
55
[true, true, true, true, true, true, true]
56
[true, true, true, true, true, true, true]
57
[true, true, true, true, true, true, true]
58
[true, true, true, true, true, true, true]
59
[false, false, false, false, false, false, false]
59
[true, true, true, true, true, true, true]
60
[true, true, true, true, true, true, true]
61
[true, true, true, true, true, true, true]
62
[true, true, true, true, true, true, true]
63
[true, true, true, true, true, true, true]
64
[false, false, true, false, false, false, false]
64
[true, true, true, true, true, true, true]
65
[true, true, true, true, true, true, false]
65
[true, true, true, true, true, true, true]
66
[true, true, true, true, true, true, true]
67
[true, true, true, true, true, true, true]
68
[true, true, true, true, true, true, true]
69
[true, true, true, true, true, true, true]
70
[false, true, false, false, true, true, true]
70
[true, true, true, true, true, true, true]
71
[true, true, true, true, true, true, true]
72
[true, true, true, true, false, true, true]
72
[true, true, true, true, true, true, true]
73
[false, false, true, false, false, false, true]
73
[false, false, false, true, false, false, true]
73
[true, true, true, true, true, true, true]
74
[true, true, true, true, true, true, true]
75
[true, true, true, true, true, true, true]
76
[true, true, true, true, true, false, true]
76
[true, true, true, true, true, true, true]
77
[true, true, true, true, true, true, true]
78
[true, true, true, true, true, true, true]
79
[true, true, true, true, false, true, true]
79
[true, true, true, true, true, true, true]
80
[true, false, true, true, true, true, true]
80
[true, true, true, true, true, true, true]
81
[true, true, true, true, true, true, true]
82
[true, true, true, true, true, true, true]
83
[true, true, true, true, true, true, true]
84
[true, true, true, true, true, true, true]
85
[true, true, true, true, true, true, true]
86
[true, true, true, true, true, true, true]
87
[true, true, true, true, true, true, true]
88
[true, true, true, true, true, true, true]
89
[true, true, true, true, true, true, true]
90
[true, true, true, false, true, true, true]
90
[true, true, true, true, true, true, true]
91
[true, true, true, true, true, true, true]
92
[false, false, true, false, true, true, false]
92
[false, false, false, false, false, false, true]
92
[true, true, true, true, false, true, true]
92
[true, true, true, true, true, true, true]
93
[true, true, true, true, true, true, true]
94
[true, true, true, true, true, true, true]
95
[true, true, true, true, true, true, true]
96
[true, false, false, false, false, false, false]
96
[true, true, true, true, true, true, true]
97
[true, true, true, false, true, true, true]
97
[true, true, true, true, true, true, true]
98
[true, true, true, true, true, true, true]
99
[true, true, true, true, true, true, true]
100
[true, false, true, true, true, true, false]
100
[true, true, true, true, true, true, true]
101
[true, true, true, true, true, true, true]
102
[true, false, true, false, true, false, true]
102
[false, false, false, false, false, false, true]
102
[false, false, false, true, false, true, false]
102
[true, true, true, true, true, true, true]
103
[false, true, true, true, false, false, true]
103
[true, true, true, true, true, true, true]
104
[true, true, true, true, true, true, false]
104
[true, true, true, true, true, true, false]
104
[true, false, false, true, true, true, true]
104
[true, false, false, false, false, false, false]
104
[true, true, true, true, true, true, true]
105
[true, true, true, true, true, true, true]
106
[true, true, true, true, true, true, true]
107
[true, true, false, true, true, true, true]
107
[false, true, false, false, false, false, false]
107
[true, true, true, true, true, false, true]
107
[true, true, true, true, true, true, true]
108
[true, true, true, true, true, true, true]
109
[false, true, true, true, true, true, true]
109
[true, true, true, true, true, true, true]
110
[true, true, true, true, true, true, true]
111
[true, true, true, true, true, true, true]
112
[true, true, true, true, true, true, true]
113
[true, true, true, true, true, true, true]
114
[true, true, true, true, true, true, true]
115
[true, true, true, false, false, true, true]
115
[true, true, true, true, true, true, true]
116
[true, true, true, true, true, true, true]
117
[true, true, true, true, true, true, true]
118
[true, true, true, true, true, true, true]
119
[true, true, true, true, true, true, true]
120
[true, true, true, true, true, true, true]
121
[true, true, true, true, false, false, true]
121
[true, true, true, true, true, true, true]
122
[true, true, true, true, true, true, true]
123
[true, true, true, true, true, true, true]
124
[true, true, true, true, true, false, true]
124
[true, true, true, true, true, true, true]
125
[true, true, true, true, true, false, true]
125
[true, true, true, true, true, true, true]
126
[true, true, true, true, true, true, true]
127
[true, true, true, true, true, true, true]
128
[true, true, true, true, false, false, true]
128
[true, true, true, true, true, true, false]
128
[false, false, false, true, true, true, true]
128
[true, true, true, true, true, true, true]
129
[true, true, true, true, true, true, true]
130
[true, true, true, true, true, true, true]
131
[true, true, true, true, true, true, true]
132
[true, true, true, true, true, true, false]
132
[true, true, true, true, true, true, true]
133
[true, true, true, true, true, true, true]
134
[true, true, true, true, true, true, true]
135
[true, true, true, true, true, true, false]
135
[true, true, true, true, true, true, true]
136
[true, true, true, true, true, true, true]
137
[true, true, true, true, true, true, true]
138
[false, false, true, false, false, false, false]
138
[true, true, true, true, true, true, true]
139
[true, true, true, true, true, true, true]
140
[true, true, true, true, true, true, true]
141
[true, true, true, true, true, true, true]
142
[true, true, true, true, true, true, true]
143
[true, true, true, true, true, true, true]
144
[true, true, true, true, true, true, true]
145
[true, true, true, true, true, true, true]
146
[true, true, true, true, true, true, true]
147
[false, false, true, true, true, true, true]
147
[true, true, true, true, true, true, true]
148
[true, true, true, true, true, true, true]
149
[true, true, false, false, true, true, true]
149
[true, true, true, true, true, true, true]
150
[true, true, true, true, true, true, true]
151
[false, false, true, true, true, true, true]
151
[true, true, true, true, true, true, true]
152
[true, true, true, true, true, true, true]
153
[true, true, true, true, true, true, true]
154
[true, true, true, true, true, true, true]
155
[true, true, true, true, true, true, true]
156
[true, true, true, true, true, true, true]
157
[true, true, true, true, true, true, true]
158
[true, true, true, true, true, true, true]
159
[true, true, true, false, true, true, true]
159
[true, true, false, true, true, true, true]
159
[false, false, false, false, true, false, true]
159
[true, true, true, true, true, true, true]
160
[true, true, true, true, true, true, true]
161
[true, true, true, true, false, true, true]
161
[true, true, true, true, true, true, true]
162
[true, true, false, true, true, true, true]
162
[true, true, true, true, true, true, true]
163
[true, true, true, true, true, true, false]
163
[true, false, false, false, false, false, true]
163
[true, true, false, true, true, true, true]
163
[true, true, false, true, false, true, false]
163
[true, true, true, false, true, true, true]
163
[true, true, true, true, true, true, true]
164
[true, true, true, true, true, true, true]
165
[true, true, true, true, true, true, true]
166
[true, true, true, true, true, true, true]
167
[true, true, true, true, true, true, true]
168
[true, true, true, true, true, true, true]
169
[false, true, true, true, true, true, true]
169
[true, true, false, true, true, false, true]
169
[true, true, true, true, true, true, true]
170
[true, true, true, true, true, true, true]
171
[true, true, true, true, true, true, true]
172
[true, true, true, true, true, true, true]
173
[true, true, true, true, true, true, true]
174
[true, true, true, true, true, true, true]
175
[true, true, true, true, true, true, true]
176
[true, true, true, true, true, true, true]
177
[true, true, true, false, true, true, true]
177
[true, true, false, true, true, true, true]
177
[true, true, true, true, true, true, true]
178
[true, true, true, true, true, true, true]
179
[true, true, true, true, true, true, true]
180
[true, true, true, true, true, true, true]
181
[true, true, true, true, true, true, true]
182
[false, true, true, true, true, true, true]
182
[true, true, true, true, true, true, true]
183
[true, true, true, false, true, true, true]
183
[true, true, true, true, true, true, true]
184
[true, true, true, true, true, true, true]
185
[true, true, true, true, true, true, true]
186
[true, false, false, true, true, true, false]
186
[true, true, true, true, true, true, true]
187
[true, true, true, true, true, true, true]
188
[true, true, true, true, false, true, true]
188
[true, true, true, true, true, true, true]
189
[true, true, true, true, true, true, true]
190
[false, false, false, false, true, false, false]
190
[true, true, true, true, true, true, true]
191
[true, false, false, false, false, false, false]
191
[true, true, true, true, true, true, true]
192
[true, false, false, false, false, false, false]
192
[true, true, false, false, true, true, true]
192
[true, true, true, true, true, true, true]
193
[true, false, true, false, true, true, true]
193
[true, true, true, true, true, true, true]
194
194
